0.422858
0.447275
0.427073
0.428315
0.632132
0.331232
0.213852
0.452554
0.419061
0.367319
0.614149
0.401534
0.552478
0.595776
1.07052
0.785752
0.529911
0.289025
0.267058
0.302417
0.439505
0.600587
0.867286
0.635106
0.398845
0.496046
0.42628
0.630923
0.608056
0.546385
0.162712
0.289757
0.37235
0.634781
0.508122
0.675827
0.451786
0.443458
0.713865
0.657172
0.468068
0.688058
0.25489
0.35524
0.281667
0.44795
0.778841
0.49958
0.460839
0.345125
0.972038
0.526128
0.89119
0.882516
0.427073
0.567359
0.395291
0.647198
0.56752
0.433288
0.328621
0.598224
0.937358
0.622926
0.276207
0.32845
0.430655
0.55807
0.491436
0.382485
0.658668
0.521442
0.844764
0.429027
0.18669
0.948911
0.931912
0.702788
0.387808
0.47173
0.764567
0.256497
0.302713
0.542883
0.409574
0.566909
1.08353
0.677145
1.23664
0.572766
0.447041
0.594888
0.329998
0.312385
0.345125
0.458985
0.474725
0.541681
0.349918
0.371634
0.485414
0.493696
0.466563
0.511631
0.694214
0.485349
0.467219
0.666698
0.706623
0.192542
0.277201
0.535375
0.433692
0.267571
0.365259
0.382485
0.796825
0.369352
0.635233
0.342772
0.53375
0.477304
0.77676
0.392382
0.477304
0.419586
0.446486
0.348795
0.538064
0.614901
0.294994
0.857147
0.235772
0.608626
0.890506
0.404622
0.333851
0.325844
0.551879
0.413511
0.485879
0.500513
0.647456
0.30093
0.203451
0.427073
0.255197
0.432498
0.316876
0.534019
0.470677
0.425587
0.781218
0.86213
0.655378
0.450866
0.789358
0.33996
0.432275
0.46373
0.48011
0.501554
0.328857
0.392382
0.417106
0.568934
0.527842
0.527842
0.471382
0.449682
0.696534
0.264324
0.78708
0.465995
0.355636
0.391942
0.389321
0.408473
0.604468
0.371383
0.52746
0.35269
0.354315
0.313168
0.410691
0.347628
0.333965
0.607764
0.813133
0.486798
0.621612
0.621837
0.171046
0.50487
0.344583
0.48297
0.323559
0.395541
0.513448
0.421522
0.404622
0.276289
