-0.333333
-0.5
-1
-0.5
-0.047619
-1
-1
-0.428571
-0.454545
-0.333333
0
-0.384615
0
-0.0909091
0.55102
0.2
-0.2
-0.538462
-1
-1
-0.2
0.2
0.277778
0
-1
-0.333333
-1
-0.2
-0.25
-0.111111
-1
-0.8
-0.666667
-0.0588235
-0.428571
0
-0.333333
-0.333333
0
-0.142857
-0.333333
0.157895
-1
-0.666667
-1
-0.333333
0.25
-0.2
-1
-1
0.44
-0.142857
0.405405
0.365854
-1
-0.166667
-0.6
0
-0.0909091
-0.428571
-0.666667
-0.333333
0.384615
-0.176471
-1
-1
-0.411765
-0.125
-0.285714
-1
0.0714286
-0.176471
0.314286
-1
-1
0.428571
0.393939
0.166667
-0.5
-0.2
0.103448
-1
-0.5
-0.333333
-0.333333
-0.166667
0.612903
0.0434783
0.893333
-0.130435
-0.333333
-0.25
-0.6
-0.6
-1
-0.5
-0.375
-0.0909091
-0.6
-1
-0.333333
-0.230769
-0.4
-0.333333
-0.0434783
-0.333333
-0.428571
-0.0588235
0.16129
-1
-1
-0.238095
-0.333333
-1
-1
-1
0.241379
-1
0
-0.5
-0.333333
-1
0.2
-1
-1
-0.5
-0.3
-1
-0.25
-0.0526316
-0.428571
1
-1
-0.1
0.315789
-1
-1
-0.714286
0
-0.111111
-0.2
-0.25
0.1
-0.555556
-1
-1
-1
-0.5
-1
-0.333333
-0.222222
-1
0.272727
0.333333
-0.142857
-0.5
0.25
-0.6
-1
-1
-0.2
-0.333333
-0.5
-1
-0.5
-0.333333
-1
-1
-0.454545
-0.4
0.12
-0.428571
0.212121
0
-1
-1
-0.466667
-1
0
-1
0
-1
-1
-1
-0.714286
-1
-0.6
0
0.2
-0.333333
-0.0666667
-0.157895
-1
-0.333333
-1
-1
-1
-0.333333
-0.333333
-1
-1
-1
