0.333333
0.25
0
0.25
0.47619
0
0
0.285714
0.272727
0.333333
0.5
0.307692
0.5
0.454545
0.77551
0.6
0.4
0.230769
0
0
0.4
0.6
0.638889
0.5
0
0.333333
0
0.4
0.375
0.444444
0
0.1
0.166667
0.470588
0.285714
0.5
0.333333
0.333333
0.5
0.428571
0.333333
0.578947
0
0.166667
0
0.333333
0.625
0.4
0
0
0.72
0.428571
0.702703
0.682927
0
0.416667
0.2
0.5
0.454545
0.285714
0.166667
0.333333
0.692308
0.411765
0
0
0.294118
0.4375
0.357143
0
0.535714
0.411765
0.657143
0
0
0.714286
0.69697
0.583333
0.25
0.4
0.551724
0
0.25
0.333333
0.333333
0.416667
0.806452
0.521739
0.946667
0.434783
0.333333
0.375
0.2
0.2
0
0.25
0.3125
0.454545
0.2
0
0.333333
0.384615
0.3
0.333333
0.478261
0.333333
0.285714
0.470588
0.580645
0
0
0.380952
0.333333
0
0
0
0.62069
0
0.5
0.25
0.333333
0
0.6
0
0
0.25
0.35
0
0.375
0.473684
0.285714
1
0
0.45
0.657895
0
0
0.142857
0.5
0.444444
0.4
0.375
0.55
0.222222
0
0
0
0.25
0
0.333333
0.388889
0
0.636364
0.666667
0.428571
0.25
0.625
0.2
0
0
0.4
0.333333
0.25
0
0.25
0.333333
0
0
0.272727
0.3
0.56
0.285714
0.606061
0.5
0
0
0.266667
0
0.5
0
0.5
0
0
0
0.142857
0
0.2
0.5
0.6
0.333333
0.466667
0.421053
0
0.333333
0
0
0
0.333333
0.333333
0
0
0
