-0.1
-0.7
-inf
-0.1875
0.209677
0
0.25
2
-0.833333
-0.266667
inf
1.5
0
-0.0714286
-0.416667
-0.15
-0.322581
0
-0.206897
0.712329
-2
-0.666667
0.105263
-2
-0.4
-0.392857
-0.8
inf
-0.277778
0
0.25
-inf
0.557143
0.0681818
-0.666667
-inf
-0.46875
-inf
-0.25
-inf
-0.117647
0.160714
0.125
-1.2
-0.075
-0.666667
-0.416667
0.181818
-0.315789
-0.0408163
-0.352941
-0.258065
-1.5
-0.25
0.0392157
-0.0416667
0.0833333
0.0512821
-0.25
-0.444444
-0.388889
-1.25
-0.24
-0.166667
0.287879
-0.166667
0.666667
0
-0.25
-2
0.493151
-0.117647
0.5
0.340426
0.289855
-0.4
-0.131579
-0.416667
0.159091
-0.204082
0
-0.166667
-0.722222
-0.0540541
inf
-inf
0
0.448718
-1.5
0.0185185
-2
-0.75
0.5
0.0555556
-2
-0.152174
-0.153846
-1.5
-inf
0.112903
0.5
-0.5
-0.205882
0.318841
-0.8
-1.2
0.5125
0.440678
-2
-inf
-inf
0.313725
-0.0217391
-inf
0
0
-2
-inf
-0.5
-2
-0.533333
0
-0.571429
-0.583333
-0.0851064
0
-0.4
-0.171429
-inf
-0.666667
inf
inf
0.658824
0.1
0.875
0.105263
-0.461538
-inf
-1.5
-0.08
-2
0.5
-0.615385
-0.583333
-0.0714286
0
-0.181818
-inf
-0.0930233
-inf
0.166667
-0.075
-0.642857
-inf
-0.833333
-0.1
-0.119048
-0.666667
0
-0.470588
2
-0.583333
-0.184211
-inf
-inf
-2
-inf
-2
-2
0.185714
-0.210526
-0.458333
0
-0.0350877
0
0
-0.382353
-0.571429
-0.444444
0
0.301887
-inf
0
-2
-inf
0
0
-inf
0
inf
-inf
-0.4
0.666667
-2
0.102941
-inf
0.195122
inf
-0.5
-1.5
-0.307692
0.0535714
-0.666667
0
-0.0227273
-inf
-inf
-0.444444
0
-inf
0.8
-0.285714
0.140625
-inf
0.535211
-inf
inf
-2
-0.4
0.25
-0.5
-0.666667
0
-0.608696
0
0.5
-0.5
-0.375
-2
-0.5
-0.235294
-0.181818
0.0425532
-0.108108
-0.285714
-0.5
-2
0
-2
-2
-0.833333
0
-inf
-0.222222
-0.0833333
-0.666667
1.33333
0
0
-0.5
0.222222
0.354167
-0.0952381
0.0833333
-inf
-2
0.203704
inf
0.5
-0.289474
-0.5
0
1.5
0
-0.5
-inf
-0.25
-1.5
-0.75
0.5
-2
-2
-0.105263
-1.33333
0.571429
0
-0.363636
-inf
-0.5
-0.5625
-inf
0
0.5
0.5
0
0.25
0.5
-0.25
-0.0625
-inf
-0.25
-0.8
0.5
-2
-0.34375
-0.285714
0.326923
-0.833333
0.179104
0.8
-2
-0.5
-inf
-0.571429
-0.666667
-inf
-0.5
-inf
-inf
2
0.25
0
-inf
-0.113208
-2
0.75
-inf
-2
0.126984
0
2
-1.25
0
inf
-inf
0
-1.5
-2
-0.666667
-0.08
-2
-inf
0.666667
-2
-2
-0.833333
-inf
0
-0.5
0.139535
-inf
-0.285714
-0.193548
1.5
-0.0377358
-2
-inf
inf
-inf
-inf
-inf
-inf
0
-inf
-2
inf
-1.5
-inf
-2
-1.33333
-2
-0.5
-inf
-inf
-1.5
-2
0
-inf
-0.416667
0.0952381
-inf
-2
-2
-2
-inf
-inf
-inf
-0.3
-2
0.666667
-2
-inf
0.25
0
-0.8
-inf
0.5
0
-2
-0.5
-inf
-inf
inf
-inf
-inf
-1.5
0
-inf
-inf
-inf
0
2
-0.25
-inf
0
-inf
-inf
-0.8
inf
-inf
-inf
-inf
-inf
-inf
-inf
-inf
-0.666667
-inf
-0.5
-inf
-inf
-2
-inf
-2
-inf
-inf
inf
0
2
inf
